Using pre-set license
Built from '2021.1/release' branch; Version is '2021.1.4f1 (4cd64a618c1b) revision 5035594'; Using compiler version '192528614'; Build Type 'Release'
OS: 'Windows 10 Pro; OS build 19041.928; Version 2004; 64bit' Language: 'en' Physical Memory: 32680 MB
BatchMode: 1, IsHumanControllingUs: 0, StartBugReporterOnCrash: 0, Is64bit: 1, IsPro: 0

 COMMAND LINE ARGUMENTS:
C:\Program Files\Unity\Hub\Editor\2021.1.4f1\Editor\Unity.exe
-adb2
-batchMode
-noUpm
-name
AssetImportWorker0
-projectPath
I:/GameCourse/RPG_GameCourse/GameCourse_rpg
-logFile
Logs/AssetImportWorker0.log
-srvPort
62762
Successfully changed project path to: I:/GameCourse/RPG_GameCourse/GameCourse_rpg
I:/GameCourse/RPG_GameCourse/GameCourse_rpg
Using Asset Import Pipeline V2.
Refreshing native plugins compatible for Editor in 103.82 ms, found 3 plugins.
Preloading 0 native plugins for Editor in 0.00 ms.
Initialize engine version: 2021.1.4f1 (4cd64a618c1b)
[Subsystems] Discovering subsystems at path C:/Program Files/Unity/Hub/Editor/2021.1.4f1/Editor/Data/Resources/UnitySubsystems
[Subsystems] Discovering subsystems at path I:/GameCourse/RPG_GameCourse/GameCourse_rpg/Assets
GfxDevice: creating device client; threaded=0; jobified=0
Direct3D:
    Version:  Direct3D 11.0 [level 11.1]
    Renderer: NVIDIA GeForce RTX 2080 Ti (ID=0x1e07)
    Vendor:   NVIDIA
    VRAM:     11049 MB
    Driver:   30.0.14.7111
Initialize mono
Mono path[0] = 'C:/Program Files/Unity/Hub/Editor/2021.1.4f1/Editor/Data/Managed'
Mono path[1] = 'C:/Program Files/Unity/Hub/Editor/2021.1.4f1/Editor/Data/MonoBleedingEdge/lib/mono/unityjit'
Mono config path = 'C:/Program Files/Unity/Hub/Editor/2021.1.4f1/Editor/Data/MonoBleedingEdge/etc'
Using monoOptions --debugger-agent=transport=dt_socket,embedding=1,server=y,suspend=n,address=127.0.0.1:56676
Begin MonoManager ReloadAssembly
Registering precompiled unity dll's ...
Register platform support module: C:/Program Files/Unity/Hub/Editor/2021.1.4f1/Editor/Data/PlaybackEngines/WebGLSupport/UnityEditor.WebGL.Extensions.dll
Register platform support module: C:/Program Files/Unity/Hub/Editor/2021.1.4f1/Editor/Data/PlaybackEngines/WindowsStandaloneSupport/UnityEditor.WindowsStandalone.Extensions.dll
Register platform support module: C:/Program Files/Unity/Hub/Editor/2021.1.4f1/Editor/Data/PlaybackEngines/LinuxStandaloneSupport/UnityEditor.LinuxStandalone.Extensions.dll
Registered in 0.002853 seconds.
Native extension for LinuxStandalone target not found
Native extension for WindowsStandalone target not found
Native extension for WebGL target not found
Refreshing native plugins compatible for Editor in 110.34 ms, found 3 plugins.
Preloading 0 native plugins for Editor in 0.00 ms.
Mono: successfully reloaded assembly
- Completed reload, in  1.248 seconds
Platform modules already initialized, skipping
Registering precompiled user dll's ...
Registered in 0.003892 seconds.
Begin MonoManager ReloadAssembly
Native extension for LinuxStandalone target not found
Native extension for WindowsStandalone target not found
Native extension for WebGL target not found
Refreshing native plugins compatible for Editor in 0.96 ms, found 3 plugins.
Preloading 0 native plugins for Editor in 0.00 ms.
Mono: successfully reloaded assembly
- Completed reload, in  1.125 seconds
Platform modules already initialized, skipping
========================================================================
Worker process is ready to serve import requests
Launched and connected shader compiler UnityShaderCompiler.exe after 0.03 seconds
Refreshing native plugins compatible for Editor in 1.01 ms, found 3 plugins.
Preloading 0 native plugins for Editor in 0.00 ms.
Unloading 3822 Unused Serialized files (Serialized files now loaded: 0)
System memory in use before: 162.9 MB.
System memory in use after: 162.4 MB.

Unloading 139 unused Assets to reduce memory usage. Loaded Objects now: 4271.
Total: 2.776700 ms (FindLiveObjects: 0.289700 ms CreateObjectMapping: 0.097300 ms MarkObjects: 2.006400 ms  DeleteObjects: 0.382400 ms)

========================================================================
Received Import Request.
  path: Assets/MiniGames/[Scripts]MiniGame/MiniGameResult.cs
  artifactKey: Guid(97a1be3f5833437fa80ba902553364b5) Importer(815301076,1909f56bfc062723c751e8b465ee728b)
Start importing Assets/MiniGames/[Scripts]MiniGame/MiniGameResult.cs using Guid(97a1be3f5833437fa80ba902553364b5) Importer(815301076,1909f56bfc062723c751e8b465ee728b)  -> (artifact id: '76267d154708b27fb05378cddc1c4738') in 0.023410 seconds 
========================================================================
Received Prepare
Registering precompiled user dll's ...
Registered in 0.003764 seconds.
Begin MonoManager ReloadAssembly
Native extension for LinuxStandalone target not found
Native extension for WindowsStandalone target not found
Native extension for WebGL target not found
Refreshing native plugins compatible for Editor in 0.93 ms, found 3 plugins.
Preloading 0 native plugins for Editor in 0.00 ms.
Warning: Annotation not found!
UnityEngine.StackTraceUtility:ExtractStackTrace ()
UnityEditor.ProBuilder.EditorUtility:SetGizmoIconEnabled (System.Type,bool) (at Library/PackageCache/com.unity.probuilder@5.0.3/Editor/EditorCore/EditorUtility.cs:575)
UnityEditor.ProBuilder.HierarchyListener:.cctor () (at Library/PackageCache/com.unity.probuilder@5.0.3/Editor/EditorCore/HierarchyListener.cs:21)
System.Runtime.CompilerServices.RuntimeHelpers:RunClassConstructor (System.RuntimeTypeHandle)
UnityEditor.EditorAssemblies:ProcessInitializeOnLoadAttributes (System.Type[])

[Library/PackageCache/com.unity.probuilder@5.0.3/Editor/EditorCore/EditorUtility.cs line 575]

Mono: successfully reloaded assembly
- Completed reload, in  0.919 seconds
Platform modules already initialized, skipping
Refreshing native plugins compatible for Editor in 0.95 ms, found 3 plugins.
Preloading 0 native plugins for Editor in 0.00 ms.
Unloading 3737 Unused Serialized files (Serialized files now loaded: 0)
System memory in use before: 156.2 MB.
System memory in use after: 155.8 MB.

Unloading 23 unused Assets to reduce memory usage. Loaded Objects now: 4275.
Total: 2.898500 ms (FindLiveObjects: 0.277200 ms CreateObjectMapping: 0.093500 ms MarkObjects: 2.260900 ms  DeleteObjects: 0.266200 ms)

========================================================================
Received Prepare
Registering precompiled user dll's ...
Registered in 0.003706 seconds.
Begin MonoManager ReloadAssembly
Native extension for LinuxStandalone target not found
Native extension for WindowsStandalone target not found
Native extension for WebGL target not found
Refreshing native plugins compatible for Editor in 0.98 ms, found 3 plugins.
Preloading 0 native plugins for Editor in 0.00 ms.
Warning: Annotation not found!
UnityEngine.StackTraceUtility:ExtractStackTrace ()
UnityEditor.ProBuilder.EditorUtility:SetGizmoIconEnabled (System.Type,bool) (at Library/PackageCache/com.unity.probuilder@5.0.3/Editor/EditorCore/EditorUtility.cs:575)
UnityEditor.ProBuilder.HierarchyListener:.cctor () (at Library/PackageCache/com.unity.probuilder@5.0.3/Editor/EditorCore/HierarchyListener.cs:21)
System.Runtime.CompilerServices.RuntimeHelpers:RunClassConstructor (System.RuntimeTypeHandle)
UnityEditor.EditorAssemblies:ProcessInitializeOnLoadAttributes (System.Type[])

[Library/PackageCache/com.unity.probuilder@5.0.3/Editor/EditorCore/EditorUtility.cs line 575]

Mono: successfully reloaded assembly
- Completed reload, in  0.881 seconds
Platform modules already initialized, skipping
Refreshing native plugins compatible for Editor in 0.96 ms, found 3 plugins.
Preloading 0 native plugins for Editor in 0.00 ms.
Unloading 3736 Unused Serialized files (Serialized files now loaded: 0)
System memory in use before: 156.2 MB.
System memory in use after: 155.8 MB.

Unloading 23 unused Assets to reduce memory usage. Loaded Objects now: 4278.
Total: 2.595500 ms (FindLiveObjects: 0.294700 ms CreateObjectMapping: 0.090900 ms MarkObjects: 1.943400 ms  DeleteObjects: 0.265800 ms)

========================================================================
Received Import Request.
  Time since last request: 4567.743323 seconds.
  path: Assets/MiniGames/[Scripts]MiniGame/FlippyBoxMinigameSettings.cs
  artifactKey: Guid(fd74944a3cce16647a994f8bb63fa91c) Importer(815301076,1909f56bfc062723c751e8b465ee728b)
Start importing Assets/MiniGames/[Scripts]MiniGame/FlippyBoxMinigameSettings.cs using Guid(fd74944a3cce16647a994f8bb63fa91c) Importer(815301076,1909f56bfc062723c751e8b465ee728b)  -> (artifact id: 'f85e2f244ebc61e90b9bcebf01596443') in 0.009504 seconds 
========================================================================
Received Prepare
Registering precompiled user dll's ...
Registered in 0.003829 seconds.
Begin MonoManager ReloadAssembly
Native extension for LinuxStandalone target not found
Native extension for WindowsStandalone target not found
Native extension for WebGL target not found
Refreshing native plugins compatible for Editor in 0.93 ms, found 3 plugins.
Preloading 0 native plugins for Editor in 0.00 ms.
Warning: Annotation not found!
UnityEngine.StackTraceUtility:ExtractStackTrace ()
UnityEditor.ProBuilder.EditorUtility:SetGizmoIconEnabled (System.Type,bool) (at Library/PackageCache/com.unity.probuilder@5.0.3/Editor/EditorCore/EditorUtility.cs:575)
UnityEditor.ProBuilder.HierarchyListener:.cctor () (at Library/PackageCache/com.unity.probuilder@5.0.3/Editor/EditorCore/HierarchyListener.cs:21)
System.Runtime.CompilerServices.RuntimeHelpers:RunClassConstructor (System.RuntimeTypeHandle)
UnityEditor.EditorAssemblies:ProcessInitializeOnLoadAttributes (System.Type[])

[Library/PackageCache/com.unity.probuilder@5.0.3/Editor/EditorCore/EditorUtility.cs line 575]

Mono: successfully reloaded assembly
- Completed reload, in  0.919 seconds
Platform modules already initialized, skipping
Refreshing native plugins compatible for Editor in 1.57 ms, found 3 plugins.
Preloading 0 native plugins for Editor in 0.00 ms.
Unloading 3737 Unused Serialized files (Serialized files now loaded: 0)
System memory in use before: 156.3 MB.
System memory in use after: 155.8 MB.

Unloading 23 unused Assets to reduce memory usage. Loaded Objects now: 4282.
Total: 5.497700 ms (FindLiveObjects: 0.617600 ms CreateObjectMapping: 0.108800 ms MarkObjects: 4.397700 ms  DeleteObjects: 0.371400 ms)

========================================================================
Received Prepare
Registering precompiled user dll's ...
Registered in 0.003860 seconds.
Begin MonoManager ReloadAssembly
Native extension for LinuxStandalone target not found
Native extension for WindowsStandalone target not found
Native extension for WebGL target not found
Refreshing native plugins compatible for Editor in 0.95 ms, found 3 plugins.
Preloading 0 native plugins for Editor in 0.00 ms.
Warning: Annotation not found!
UnityEngine.StackTraceUtility:ExtractStackTrace ()
UnityEditor.ProBuilder.EditorUtility:SetGizmoIconEnabled (System.Type,bool) (at Library/PackageCache/com.unity.probuilder@5.0.3/Editor/EditorCore/EditorUtility.cs:575)
UnityEditor.ProBuilder.HierarchyListener:.cctor () (at Library/PackageCache/com.unity.probuilder@5.0.3/Editor/EditorCore/HierarchyListener.cs:21)
System.Runtime.CompilerServices.RuntimeHelpers:RunClassConstructor (System.RuntimeTypeHandle)
UnityEditor.EditorAssemblies:ProcessInitializeOnLoadAttributes (System.Type[])

[Library/PackageCache/com.unity.probuilder@5.0.3/Editor/EditorCore/EditorUtility.cs line 575]

Mono: successfully reloaded assembly
- Completed reload, in  0.904 seconds
Platform modules already initialized, skipping
Refreshing native plugins compatible for Editor in 0.96 ms, found 3 plugins.
Preloading 0 native plugins for Editor in 0.00 ms.
Unloading 3737 Unused Serialized files (Serialized files now loaded: 0)
System memory in use before: 156.3 MB.
System memory in use after: 155.9 MB.

Unloading 23 unused Assets to reduce memory usage. Loaded Objects now: 4285.
Total: 2.700700 ms (FindLiveObjects: 0.315800 ms CreateObjectMapping: 0.097000 ms MarkObjects: 2.006100 ms  DeleteObjects: 0.280900 ms)

========================================================================
Received Import Request.
  Time since last request: 639.401537 seconds.
  path: Assets/MiniGames/[Scripts]MiniGame/FlippyBoxMinigameSettings.cs
  artifactKey: Guid(fd74944a3cce16647a994f8bb63fa91c) Importer(815301076,1909f56bfc062723c751e8b465ee728b)
Start importing Assets/MiniGames/[Scripts]MiniGame/FlippyBoxMinigameSettings.cs using Guid(fd74944a3cce16647a994f8bb63fa91c) Importer(815301076,1909f56bfc062723c751e8b465ee728b)  -> (artifact id: 'b86a5582fb18badcf664a283a4b9da1f') in 0.005550 seconds 
========================================================================
Received Import Request.
  Time since last request: 14.312069 seconds.
  path: Assets/MiniGames/FlippyBox/FlippyBoxSettings-Default.asset
  artifactKey: Guid(b0af971c34d874546951942bd8cc4f32) Importer(815301076,1909f56bfc062723c751e8b465ee728b)
Start importing Assets/MiniGames/FlippyBox/FlippyBoxSettings-Default.asset using Guid(b0af971c34d874546951942bd8cc4f32) Importer(815301076,1909f56bfc062723c751e8b465ee728b)  -> (artifact id: '796e600f38d9e22f7dfa157fc80e02a6') in 0.055242 seconds 
========================================================================
Received Prepare
Registering precompiled user dll's ...
Registered in 0.003774 seconds.
Begin MonoManager ReloadAssembly
Native extension for LinuxStandalone target not found
Native extension for WindowsStandalone target not found
Native extension for WebGL target not found
Refreshing native plugins compatible for Editor in 0.94 ms, found 3 plugins.
Preloading 0 native plugins for Editor in 0.00 ms.
Warning: Annotation not found!
UnityEngine.StackTraceUtility:ExtractStackTrace ()
UnityEditor.ProBuilder.EditorUtility:SetGizmoIconEnabled (System.Type,bool) (at Library/PackageCache/com.unity.probuilder@5.0.3/Editor/EditorCore/EditorUtility.cs:575)
UnityEditor.ProBuilder.HierarchyListener:.cctor () (at Library/PackageCache/com.unity.probuilder@5.0.3/Editor/EditorCore/HierarchyListener.cs:21)
System.Runtime.CompilerServices.RuntimeHelpers:RunClassConstructor (System.RuntimeTypeHandle)
UnityEditor.EditorAssemblies:ProcessInitializeOnLoadAttributes (System.Type[])

[Library/PackageCache/com.unity.probuilder@5.0.3/Editor/EditorCore/EditorUtility.cs line 575]

Mono: successfully reloaded assembly
- Completed reload, in  0.909 seconds
Platform modules already initialized, skipping
Refreshing native plugins compatible for Editor in 1.00 ms, found 3 plugins.
Preloading 0 native plugins for Editor in 0.00 ms.
Unloading 3737 Unused Serialized files (Serialized files now loaded: 0)
System memory in use before: 156.3 MB.
System memory in use after: 155.9 MB.

Unloading 23 unused Assets to reduce memory usage. Loaded Objects now: 4288.
Total: 2.940900 ms (FindLiveObjects: 0.307600 ms CreateObjectMapping: 0.097000 ms MarkObjects: 2.246900 ms  DeleteObjects: 0.288500 ms)

========================================================================
Received Prepare
Registering precompiled user dll's ...
Registered in 0.003791 seconds.
Begin MonoManager ReloadAssembly
Native extension for LinuxStandalone target not found
Native extension for WindowsStandalone target not found
Native extension for WebGL target not found
Refreshing native plugins compatible for Editor in 0.94 ms, found 3 plugins.
Preloading 0 native plugins for Editor in 0.00 ms.
Warning: Annotation not found!
UnityEngine.StackTraceUtility:ExtractStackTrace ()
UnityEditor.ProBuilder.EditorUtility:SetGizmoIconEnabled (System.Type,bool) (at Library/PackageCache/com.unity.probuilder@5.0.3/Editor/EditorCore/EditorUtility.cs:575)
UnityEditor.ProBuilder.HierarchyListener:.cctor () (at Library/PackageCache/com.unity.probuilder@5.0.3/Editor/EditorCore/HierarchyListener.cs:21)
System.Runtime.CompilerServices.RuntimeHelpers:RunClassConstructor (System.RuntimeTypeHandle)
UnityEditor.EditorAssemblies:ProcessInitializeOnLoadAttributes (System.Type[])

[Library/PackageCache/com.unity.probuilder@5.0.3/Editor/EditorCore/EditorUtility.cs line 575]

Mono: successfully reloaded assembly
- Completed reload, in  0.905 seconds
Platform modules already initialized, skipping
Refreshing native plugins compatible for Editor in 0.94 ms, found 3 plugins.
Preloading 0 native plugins for Editor in 0.00 ms.
Unloading 3737 Unused Serialized files (Serialized files now loaded: 0)
System memory in use before: 156.3 MB.
System memory in use after: 155.9 MB.

Unloading 23 unused Assets to reduce memory usage. Loaded Objects now: 4291.
Total: 3.228400 ms (FindLiveObjects: 0.327300 ms CreateObjectMapping: 0.116100 ms MarkObjects: 2.482400 ms  DeleteObjects: 0.301100 ms)

========================================================================
Received Prepare
Registering precompiled user dll's ...
Registered in 0.003688 seconds.
Begin MonoManager ReloadAssembly
Native extension for LinuxStandalone target not found
Native extension for WindowsStandalone target not found
Native extension for WebGL target not found
Refreshing native plugins compatible for Editor in 0.93 ms, found 3 plugins.
Preloading 0 native plugins for Editor in 0.00 ms.
Warning: Annotation not found!
UnityEngine.StackTraceUtility:ExtractStackTrace ()
UnityEditor.ProBuilder.EditorUtility:SetGizmoIconEnabled (System.Type,bool) (at Library/PackageCache/com.unity.probuilder@5.0.3/Editor/EditorCore/EditorUtility.cs:575)
UnityEditor.ProBuilder.HierarchyListener:.cctor () (at Library/PackageCache/com.unity.probuilder@5.0.3/Editor/EditorCore/HierarchyListener.cs:21)
System.Runtime.CompilerServices.RuntimeHelpers:RunClassConstructor (System.RuntimeTypeHandle)
UnityEditor.EditorAssemblies:ProcessInitializeOnLoadAttributes (System.Type[])

[Library/PackageCache/com.unity.probuilder@5.0.3/Editor/EditorCore/EditorUtility.cs line 575]

Mono: successfully reloaded assembly
- Completed reload, in  0.902 seconds
Platform modules already initialized, skipping
Refreshing native plugins compatible for Editor in 0.95 ms, found 3 plugins.
Preloading 0 native plugins for Editor in 0.00 ms.
Unloading 3738 Unused Serialized files (Serialized files now loaded: 0)
System memory in use before: 156.3 MB.
System memory in use after: 155.9 MB.

Unloading 23 unused Assets to reduce memory usage. Loaded Objects now: 4295.
Total: 2.617900 ms (FindLiveObjects: 0.260400 ms CreateObjectMapping: 0.093400 ms MarkObjects: 1.993100 ms  DeleteObjects: 0.270300 ms)

========================================================================
Received Import Request.
  Time since last request: 1747.974932 seconds.
  path: Assets/MiniGames/FlippyBox/Scripts/NewBehaviourScript.cs
  artifactKey: Guid(40cfe2cbc2d3dc7479c565320453c4e2) Importer(815301076,1909f56bfc062723c751e8b465ee728b)
Start importing Assets/MiniGames/FlippyBox/Scripts/NewBehaviourScript.cs using Guid(40cfe2cbc2d3dc7479c565320453c4e2) Importer(815301076,1909f56bfc062723c751e8b465ee728b)  -> (artifact id: '5d72a89e4cee4c4637cc6c8c32a10952') in 0.008431 seconds 
========================================================================
Received Prepare
Registering precompiled user dll's ...
Registered in 0.003819 seconds.
Begin MonoManager ReloadAssembly
Native extension for LinuxStandalone target not found
Native extension for WindowsStandalone target not found
Native extension for WebGL target not found
Refreshing native plugins compatible for Editor in 0.93 ms, found 3 plugins.
Preloading 0 native plugins for Editor in 0.00 ms.
Warning: Annotation not found!
UnityEngine.StackTraceUtility:ExtractStackTrace ()
UnityEditor.ProBuilder.EditorUtility:SetGizmoIconEnabled (System.Type,bool) (at Library/PackageCache/com.unity.probuilder@5.0.3/Editor/EditorCore/EditorUtility.cs:575)
UnityEditor.ProBuilder.HierarchyListener:.cctor () (at Library/PackageCache/com.unity.probuilder@5.0.3/Editor/EditorCore/HierarchyListener.cs:21)
System.Runtime.CompilerServices.RuntimeHelpers:RunClassConstructor (System.RuntimeTypeHandle)
UnityEditor.EditorAssemblies:ProcessInitializeOnLoadAttributes (System.Type[])

[Library/PackageCache/com.unity.probuilder@5.0.3/Editor/EditorCore/EditorUtility.cs line 575]

Mono: successfully reloaded assembly
- Completed reload, in  0.884 seconds
Platform modules already initialized, skipping
Refreshing native plugins compatible for Editor in 0.99 ms, found 3 plugins.
Preloading 0 native plugins for Editor in 0.00 ms.
Unloading 3737 Unused Serialized files (Serialized files now loaded: 0)
System memory in use before: 156.3 MB.
System memory in use after: 155.9 MB.

Unloading 24 unused Assets to reduce memory usage. Loaded Objects now: 4297.
Total: 2.971600 ms (FindLiveObjects: 0.265500 ms CreateObjectMapping: 0.099400 ms MarkObjects: 2.324700 ms  DeleteObjects: 0.281100 ms)

========================================================================
Received Import Request.
  Time since last request: 21.775058 seconds.
  path: Assets/MiniGames/FlippyBox/Scripts/WinLoseMiniGameSettings.cs
  artifactKey: Guid(d5ea2ae8b9e77b643b7ac69385160300) Importer(815301076,1909f56bfc062723c751e8b465ee728b)
Start importing Assets/MiniGames/FlippyBox/Scripts/WinLoseMiniGameSettings.cs using Guid(d5ea2ae8b9e77b643b7ac69385160300) Importer(815301076,1909f56bfc062723c751e8b465ee728b)  -> (artifact id: '311f863c6de60eef976a434f3e8eff46') in 0.009293 seconds 
========================================================================
Received Prepare
Registering precompiled user dll's ...
Registered in 0.003763 seconds.
Begin MonoManager ReloadAssembly
Native extension for LinuxStandalone target not found
Native extension for WindowsStandalone target not found
Native extension for WebGL target not found
Refreshing native plugins compatible for Editor in 0.94 ms, found 3 plugins.
Preloading 0 native plugins for Editor in 0.00 ms.
Warning: Annotation not found!
UnityEngine.StackTraceUtility:ExtractStackTrace ()
UnityEditor.ProBuilder.EditorUtility:SetGizmoIconEnabled (System.Type,bool) (at Library/PackageCache/com.unity.probuilder@5.0.3/Editor/EditorCore/EditorUtility.cs:575)
UnityEditor.ProBuilder.HierarchyListener:.cctor () (at Library/PackageCache/com.unity.probuilder@5.0.3/Editor/EditorCore/HierarchyListener.cs:21)
System.Runtime.CompilerServices.RuntimeHelpers:RunClassConstructor (System.RuntimeTypeHandle)
UnityEditor.EditorAssemblies:ProcessInitializeOnLoadAttributes (System.Type[])

[Library/PackageCache/com.unity.probuilder@5.0.3/Editor/EditorCore/EditorUtility.cs line 575]

Mono: successfully reloaded assembly
- Completed reload, in  0.896 seconds
Platform modules already initialized, skipping
Refreshing native plugins compatible for Editor in 0.96 ms, found 3 plugins.
Preloading 0 native plugins for Editor in 0.00 ms.
Unloading 3738 Unused Serialized files (Serialized files now loaded: 0)
System memory in use before: 156.4 MB.
System memory in use after: 155.9 MB.

Unloading 23 unused Assets to reduce memory usage. Loaded Objects now: 4301.
Total: 2.599300 ms (FindLiveObjects: 0.284800 ms CreateObjectMapping: 0.100600 ms MarkObjects: 1.938600 ms  DeleteObjects: 0.274500 ms)

========================================================================
Received Import Request.
  Time since last request: 377.589673 seconds.
  path: Assets/MiniGames/FlippyBox/Scripts/WinLoseMiniGameSettings.cs
  artifactKey: Guid(d5ea2ae8b9e77b643b7ac69385160300) Importer(815301076,1909f56bfc062723c751e8b465ee728b)
Start importing Assets/MiniGames/FlippyBox/Scripts/WinLoseMiniGameSettings.cs using Guid(d5ea2ae8b9e77b643b7ac69385160300) Importer(815301076,1909f56bfc062723c751e8b465ee728b)  -> (artifact id: '612c488143657a66b61f850efbf820f3') in 0.006604 seconds 
========================================================================
Received Prepare
Registering precompiled user dll's ...
Registered in 0.003818 seconds.
Begin MonoManager ReloadAssembly
Native extension for LinuxStandalone target not found
Native extension for WindowsStandalone target not found
Native extension for WebGL target not found
Refreshing native plugins compatible for Editor in 0.96 ms, found 3 plugins.
Preloading 0 native plugins for Editor in 0.00 ms.
Warning: Annotation not found!
UnityEngine.StackTraceUtility:ExtractStackTrace ()
UnityEditor.ProBuilder.EditorUtility:SetGizmoIconEnabled (System.Type,bool) (at Library/PackageCache/com.unity.probuilder@5.0.3/Editor/EditorCore/EditorUtility.cs:575)
UnityEditor.ProBuilder.HierarchyListener:.cctor () (at Library/PackageCache/com.unity.probuilder@5.0.3/Editor/EditorCore/HierarchyListener.cs:21)
System.Runtime.CompilerServices.RuntimeHelpers:RunClassConstructor (System.RuntimeTypeHandle)
UnityEditor.EditorAssemblies:ProcessInitializeOnLoadAttributes (System.Type[])

[Library/PackageCache/com.unity.probuilder@5.0.3/Editor/EditorCore/EditorUtility.cs line 575]

Mono: successfully reloaded assembly
- Completed reload, in  0.895 seconds
Platform modules already initialized, skipping
Refreshing native plugins compatible for Editor in 0.98 ms, found 3 plugins.
Preloading 0 native plugins for Editor in 0.00 ms.
Unloading 3739 Unused Serialized files (Serialized files now loaded: 0)
System memory in use before: 156.4 MB.
System memory in use after: 156.0 MB.

Unloading 23 unused Assets to reduce memory usage. Loaded Objects now: 4305.
Total: 3.038400 ms (FindLiveObjects: 0.350200 ms CreateObjectMapping: 0.096700 ms MarkObjects: 2.278300 ms  DeleteObjects: 0.312200 ms)

========================================================================
Received Import Request.
  Time since last request: 297.644323 seconds.
  path: Assets/MiniGames/FlippyBox/Scripts/WinLoseMiniGameSettings.cs
  artifactKey: Guid(d5ea2ae8b9e77b643b7ac69385160300) Importer(815301076,1909f56bfc062723c751e8b465ee728b)
Start importing Assets/MiniGames/FlippyBox/Scripts/WinLoseMiniGameSettings.cs using Guid(d5ea2ae8b9e77b643b7ac69385160300) Importer(815301076,1909f56bfc062723c751e8b465ee728b)  -> (artifact id: 'c39034e38bbe2ad568daaf38b26b9ed0') in 0.005892 seconds 
========================================================================
Received Import Request.
  Time since last request: 28.938401 seconds.
  path: Assets/MiniGames/WinLose-default.asset
  artifactKey: Guid(661fa5753c1f4884ebd03d13c18fed58) Importer(815301076,1909f56bfc062723c751e8b465ee728b)
Start importing Assets/MiniGames/WinLose-default.asset using Guid(661fa5753c1f4884ebd03d13c18fed58) Importer(815301076,1909f56bfc062723c751e8b465ee728b)  -> (artifact id: '3cf645be786780540e2faf0cc05ca8d8') in 0.036838 seconds 
========================================================================
Received Prepare
Registering precompiled user dll's ...
Registered in 0.639637 seconds.
Begin MonoManager ReloadAssembly
Native extension for LinuxStandalone target not found
Native extension for WindowsStandalone target not found
Native extension for WebGL target not found
Refreshing native plugins compatible for Editor in 0.94 ms, found 3 plugins.
Preloading 0 native plugins for Editor in 0.00 ms.
Warning: Annotation not found!
UnityEngine.StackTraceUtility:ExtractStackTrace ()
UnityEditor.ProBuilder.EditorUtility:SetGizmoIconEnabled (System.Type,bool) (at Library/PackageCache/com.unity.probuilder@5.0.3/Editor/EditorCore/EditorUtility.cs:575)
UnityEditor.ProBuilder.HierarchyListener:.cctor () (at Library/PackageCache/com.unity.probuilder@5.0.3/Editor/EditorCore/HierarchyListener.cs:21)
System.Runtime.CompilerServices.RuntimeHelpers:RunClassConstructor (System.RuntimeTypeHandle)
UnityEditor.EditorAssemblies:ProcessInitializeOnLoadAttributes (System.Type[])

[Library/PackageCache/com.unity.probuilder@5.0.3/Editor/EditorCore/EditorUtility.cs line 575]

Mono: successfully reloaded assembly
- Completed reload, in  5.959 seconds
Platform modules already initialized, skipping
Refreshing native plugins compatible for Editor in 0.95 ms, found 3 plugins.
Preloading 0 native plugins for Editor in 0.00 ms.
Unloading 3739 Unused Serialized files (Serialized files now loaded: 0)
System memory in use before: 156.4 MB.
System memory in use after: 156.0 MB.

Unloading 23 unused Assets to reduce memory usage. Loaded Objects now: 4308.
Total: 2.995400 ms (FindLiveObjects: 0.277100 ms CreateObjectMapping: 0.095700 ms MarkObjects: 2.237500 ms  DeleteObjects: 0.384300 ms)

AssetImportWorkerClient::OnTransportError - code=2 error=End of file
