Using pre-set license
Built from '2021.1/release' branch; Version is '2021.1.4f1 (4cd64a618c1b) revision 5035594'; Using compiler version '192528614'; Build Type 'Release'
OS: 'Windows 10 Pro; OS build 19041.928; Version 2004; 64bit' Language: 'en' Physical Memory: 32680 MB
BatchMode: 1, IsHumanControllingUs: 0, StartBugReporterOnCrash: 0, Is64bit: 1, IsPro: 0

 COMMAND LINE ARGUMENTS:
C:\Program Files\Unity\Hub\Editor\2021.1.4f1\Editor\Unity.exe
-adb2
-batchMode
-noUpm
-name
AssetImportWorker0
-projectPath
I:/GameCourse/RPG_GameCourse/GameCourse_rpg
-logFile
Logs/AssetImportWorker0.log
-srvPort
53255
Successfully changed project path to: I:/GameCourse/RPG_GameCourse/GameCourse_rpg
I:/GameCourse/RPG_GameCourse/GameCourse_rpg
Using Asset Import Pipeline V2.
Refreshing native plugins compatible for Editor in 99.28 ms, found 3 plugins.
Preloading 0 native plugins for Editor in 0.00 ms.
Initialize engine version: 2021.1.4f1 (4cd64a618c1b)
[Subsystems] Discovering subsystems at path C:/Program Files/Unity/Hub/Editor/2021.1.4f1/Editor/Data/Resources/UnitySubsystems
[Subsystems] Discovering subsystems at path I:/GameCourse/RPG_GameCourse/GameCourse_rpg/Assets
GfxDevice: creating device client; threaded=0; jobified=0
Direct3D:
    Version:  Direct3D 11.0 [level 11.1]
    Renderer: NVIDIA GeForce RTX 2080 Ti (ID=0x1e07)
    Vendor:   NVIDIA
    VRAM:     11049 MB
    Driver:   27.21.14.6259
Initialize mono
Mono path[0] = 'C:/Program Files/Unity/Hub/Editor/2021.1.4f1/Editor/Data/Managed'
Mono path[1] = 'C:/Program Files/Unity/Hub/Editor/2021.1.4f1/Editor/Data/MonoBleedingEdge/lib/mono/unityjit'
Mono config path = 'C:/Program Files/Unity/Hub/Editor/2021.1.4f1/Editor/Data/MonoBleedingEdge/etc'
Using monoOptions --debugger-agent=transport=dt_socket,embedding=1,server=y,suspend=n,address=127.0.0.1:56880
Begin MonoManager ReloadAssembly
Registering precompiled unity dll's ...
Register platform support module: C:/Program Files/Unity/Hub/Editor/2021.1.4f1/Editor/Data/PlaybackEngines/WebGLSupport/UnityEditor.WebGL.Extensions.dll
Register platform support module: C:/Program Files/Unity/Hub/Editor/2021.1.4f1/Editor/Data/PlaybackEngines/WindowsStandaloneSupport/UnityEditor.WindowsStandalone.Extensions.dll
Register platform support module: C:/Program Files/Unity/Hub/Editor/2021.1.4f1/Editor/Data/PlaybackEngines/LinuxStandaloneSupport/UnityEditor.LinuxStandalone.Extensions.dll
Registered in 0.002621 seconds.
Native extension for LinuxStandalone target not found
Native extension for WindowsStandalone target not found
Native extension for WebGL target not found
Refreshing native plugins compatible for Editor in 103.97 ms, found 3 plugins.
Preloading 0 native plugins for Editor in 0.00 ms.
Mono: successfully reloaded assembly
- Completed reload, in  1.323 seconds
Platform modules already initialized, skipping
Registering precompiled user dll's ...
Registered in 0.003644 seconds.
Begin MonoManager ReloadAssembly
Native extension for LinuxStandalone target not found
Native extension for WindowsStandalone target not found
Native extension for WebGL target not found
Refreshing native plugins compatible for Editor in 0.93 ms, found 3 plugins.
Preloading 0 native plugins for Editor in 0.00 ms.
Mono: successfully reloaded assembly
- Completed reload, in  1.086 seconds
Platform modules already initialized, skipping
========================================================================
Worker process is ready to serve import requests
Launched and connected shader compiler UnityShaderCompiler.exe after 0.04 seconds
Refreshing native plugins compatible for Editor in 0.97 ms, found 3 plugins.
Preloading 0 native plugins for Editor in 0.00 ms.
Unloading 3766 Unused Serialized files (Serialized files now loaded: 0)
System memory in use before: 161.1 MB.
System memory in use after: 160.6 MB.

Unloading 139 unused Assets to reduce memory usage. Loaded Objects now: 4214.
Total: 2.814800 ms (FindLiveObjects: 0.328200 ms CreateObjectMapping: 0.094300 ms MarkObjects: 1.999300 ms  DeleteObjects: 0.392200 ms)

========================================================================
Received Import Request.
  path: Assets/Meshes
  artifactKey: Guid(e4fa7ac684a37ae4b8e3a731a9d76e6c) Importer(815301076,1909f56bfc062723c751e8b465ee728b)
Start importing Assets/Meshes using Guid(e4fa7ac684a37ae4b8e3a731a9d76e6c) Importer(815301076,1909f56bfc062723c751e8b465ee728b)  -> (artifact id: 'e155e4374dbadc438013b987e39f4650') in 0.008395 seconds 
========================================================================
Received Import Request.
  Time since last request: 0.000136 seconds.
  path: Assets/Meshes/SwitchPanel.dae
  artifactKey: Guid(804ed20b442b9ab4dbe7c93ae94fccf1) Importer(815301076,1909f56bfc062723c751e8b465ee728b)
Start importing Assets/Meshes/SwitchPanel.dae using Guid(804ed20b442b9ab4dbe7c93ae94fccf1) Importer(815301076,1909f56bfc062723c751e8b465ee728b)  -> (artifact id: '6ae4c4ab60721cf88b75ba293962743e') in 0.104141 seconds 
========================================================================
Received Import Request.
  Time since last request: 95.898971 seconds.
  path: Assets/Meshes/SwitchPanel.dae
  artifactKey: Guid(804ed20b442b9ab4dbe7c93ae94fccf1) Importer(815301076,1909f56bfc062723c751e8b465ee728b)
Start importing Assets/Meshes/SwitchPanel.dae using Guid(804ed20b442b9ab4dbe7c93ae94fccf1) Importer(815301076,1909f56bfc062723c751e8b465ee728b)  -> (artifact id: '948e0df0f52f7171632a03a50004543d') in 0.048758 seconds 
========================================================================
Received Import Request.
  Time since last request: 44.223662 seconds.
  path: Assets/Meshes/Box.mat
  artifactKey: Guid(dd123dfe078373045b7ed4f3d1670f6c) Importer(815301076,1909f56bfc062723c751e8b465ee728b)
Start importing Assets/Meshes/Box.mat using Guid(dd123dfe078373045b7ed4f3d1670f6c) Importer(815301076,1909f56bfc062723c751e8b465ee728b)  -> (artifact id: 'a62bc91042f7abb319188e99a8d17ea9') in 0.011153 seconds 
========================================================================
Received Import Request.
  Time since last request: 27.526035 seconds.
  path: Assets/Meshes/Handle.mat
  artifactKey: Guid(d26546cb7c27b5d498dd1c5facf0308c) Importer(815301076,1909f56bfc062723c751e8b465ee728b)
Start importing Assets/Meshes/Handle.mat using Guid(d26546cb7c27b5d498dd1c5facf0308c) Importer(815301076,1909f56bfc062723c751e8b465ee728b)  -> (artifact id: '55000e276ccfa98f3ff1d23e5d4be9df') in 0.009115 seconds 
========================================================================
Received Import Request.
  Time since last request: 274.072834 seconds.
  path: Assets/Prefabs/DroneParent.prefab
  artifactKey: Guid(8487fc7e6e1e4264b967b4e8bd06728b) Importer(815301076,1909f56bfc062723c751e8b465ee728b)
Start importing Assets/Prefabs/DroneParent.prefab using Guid(8487fc7e6e1e4264b967b4e8bd06728b) Importer(815301076,1909f56bfc062723c751e8b465ee728b)  -> (artifact id: 'cec24fff59b7a121e9303edcd0c8c517') in 0.079199 seconds 
========================================================================
Received Import Request.
  Time since last request: 0.000111 seconds.
  path: Assets/Prefabs/Human survivor.prefab
  artifactKey: Guid(0d956f691af78e3409cb0a1a18ff62e8) Importer(815301076,1909f56bfc062723c751e8b465ee728b)
Start importing Assets/Prefabs/Human survivor.prefab using Guid(0d956f691af78e3409cb0a1a18ff62e8) Importer(815301076,1909f56bfc062723c751e8b465ee728b)  -> (artifact id: '35310962d6d87a708b9f62f896bed6f5') in 1.236784 seconds 
========================================================================
Received Import Request.
  Time since last request: 0.000173 seconds.
  path: Assets/Prefabs/Robot.prefab
  artifactKey: Guid(a49b960a10bcf5c4593b174dacb50bba) Importer(815301076,1909f56bfc062723c751e8b465ee728b)
Start importing Assets/Prefabs/Robot.prefab using Guid(a49b960a10bcf5c4593b174dacb50bba) Importer(815301076,1909f56bfc062723c751e8b465ee728b)  -> (artifact id: '31e366f4339c0652d6a326b36e9f72f9') in 0.071403 seconds 
========================================================================
Received Import Request.
  Time since last request: 0.000216 seconds.
  path: Assets/Prefabs/Main Camera.prefab
  artifactKey: Guid(304f6e17c4a2a6c4db978cf22f052e4d) Importer(815301076,1909f56bfc062723c751e8b465ee728b)
Start importing Assets/Prefabs/Main Camera.prefab using Guid(304f6e17c4a2a6c4db978cf22f052e4d) Importer(815301076,1909f56bfc062723c751e8b465ee728b)  -> (artifact id: 'b793455a07576be4a26a2083c28041a2') in 0.007871 seconds 
========================================================================
Received Import Request.
  Time since last request: 2.523417 seconds.
  path: Assets/Prefabs/BrokenSwitchPanel.prefab
  artifactKey: Guid(059cc616ef6fdf14cb9f87a0d1680833) Importer(815301076,1909f56bfc062723c751e8b465ee728b)
Start importing Assets/Prefabs/BrokenSwitchPanel.prefab using Guid(059cc616ef6fdf14cb9f87a0d1680833) Importer(815301076,1909f56bfc062723c751e8b465ee728b)  -> (artifact id: '5f14f3dead10acbf5e72805a3912f092') in 0.010158 seconds 
========================================================================
Received Import Request.
  Time since last request: 4.032883 seconds.
  path: Assets/Prefabs/SwitchPanel.prefab
  artifactKey: Guid(a03da57f024766e4a9987cd6bb590cea) Importer(815301076,1909f56bfc062723c751e8b465ee728b)
Start importing Assets/Prefabs/SwitchPanel.prefab using Guid(a03da57f024766e4a9987cd6bb590cea) Importer(815301076,1909f56bfc062723c751e8b465ee728b)  -> (artifact id: 'e0bf1fb48ea1f1ed5363c0f92fb6476f') in 0.009101 seconds 
========================================================================
Received Import Request.
  Time since last request: 547.360479 seconds.
  path: Assets/Prefabs/BrokenSwitchPanel.prefab
  artifactKey: Guid(059cc616ef6fdf14cb9f87a0d1680833) Importer(815301076,1909f56bfc062723c751e8b465ee728b)
Start importing Assets/Prefabs/BrokenSwitchPanel.prefab using Guid(059cc616ef6fdf14cb9f87a0d1680833) Importer(815301076,1909f56bfc062723c751e8b465ee728b)  -> (artifact id: '2309ed80b5e8ca4b5a9bf831bd24cb24') in 0.012996 seconds 
========================================================================
Received Import Request.
  Time since last request: 542.134747 seconds.
  path: Assets/Quests/Turn on Generator.asset
  artifactKey: Guid(37c36a40c39e82c498805e1c27d08286) Importer(815301076,1909f56bfc062723c751e8b465ee728b)
Start importing Assets/Quests/Turn on Generator.asset using Guid(37c36a40c39e82c498805e1c27d08286) Importer(815301076,1909f56bfc062723c751e8b465ee728b)  -> (artifact id: '180e52ffe5066d5581bc16ba9ce8c85d') in 0.008715 seconds 
========================================================================
Received Prepare
Registering precompiled user dll's ...
Registered in 0.128955 seconds.
Begin MonoManager ReloadAssembly
Native extension for LinuxStandalone target not found
Native extension for WindowsStandalone target not found
Native extension for WebGL target not found
Refreshing native plugins compatible for Editor in 0.94 ms, found 3 plugins.
Preloading 0 native plugins for Editor in 0.00 ms.
Warning: Annotation not found!
UnityEngine.StackTraceUtility:ExtractStackTrace ()
UnityEditor.ProBuilder.EditorUtility:SetGizmoIconEnabled (System.Type,bool) (at Library/PackageCache/com.unity.probuilder@5.0.3/Editor/EditorCore/EditorUtility.cs:575)
UnityEditor.ProBuilder.HierarchyListener:.cctor () (at Library/PackageCache/com.unity.probuilder@5.0.3/Editor/EditorCore/HierarchyListener.cs:21)
System.Runtime.CompilerServices.RuntimeHelpers:RunClassConstructor (System.RuntimeTypeHandle)
UnityEditor.EditorAssemblies:ProcessInitializeOnLoadAttributes (System.Type[])

[Library/PackageCache/com.unity.probuilder@5.0.3/Editor/EditorCore/EditorUtility.cs line 575]

Mono: successfully reloaded assembly
- Completed reload, in  0.962 seconds
Platform modules already initialized, skipping
Refreshing native plugins compatible for Editor in 0.95 ms, found 3 plugins.
Preloading 0 native plugins for Editor in 0.00 ms.
Unloading 3681 Unused Serialized files (Serialized files now loaded: 0)
System memory in use before: 172.9 MB.
System memory in use after: 172.5 MB.

Unloading 24 unused Assets to reduce memory usage. Loaded Objects now: 4262.
Total: 2.530700 ms (FindLiveObjects: 0.264700 ms CreateObjectMapping: 0.091800 ms MarkObjects: 1.909200 ms  DeleteObjects: 0.264100 ms)

AssetImportWorkerClient::OnTransportError - code=2 error=End of file
